\BOOKMARK [0][]{titulo.0}{Face Page}{}% 1
\BOOKMARK [0][]{cip.0}{Cataloging-in-Publication}{}% 2
\BOOKMARK [0][]{aprovacao.0}{Thesis Committee Composition:}{}% 3
\BOOKMARK [0][]{dedication.0}{Dedication}{}% 4
\BOOKMARK [0][]{acknowledgment.0}{Acknowledgments}{}% 5
\BOOKMARK [0][]{epigrafe.0}{Epigraph}{}% 6
\BOOKMARK [0][]{resumo.0}{Resumo}{}% 7
\BOOKMARK [0][]{abstract.0}{Abstract}{}% 8
\BOOKMARK [0][]{listafiguras.0}{List of Figures}{}% 9
\BOOKMARK [0][]{listatabelas.0}{List of Tables}{}% 10
\BOOKMARK [0][]{listaabreviaturas.0}{List of Abbreviations and Acronyms}{}% 11
\BOOKMARK [0][]{listasimbolos.0}{List of Symbols}{}% 12
\BOOKMARK [0][]{contents.0}{Contents}{}% 13
\BOOKMARK [0][]{chapter.1}{1 Introduction}{}% 14
\BOOKMARK [1][]{section.1.1}{1.1 Motivation}{chapter.1}% 15
\BOOKMARK [1][]{section.1.2}{1.2 Thesis Structure}{chapter.1}% 16
\BOOKMARK [0][]{chapter.2}{2 Objective}{}% 17
\BOOKMARK [1][]{section.2.1}{2.1 General Objective}{chapter.2}% 18
\BOOKMARK [1][]{section.2.2}{2.2 Theme Identification}{chapter.2}% 19
\BOOKMARK [1][]{section.2.3}{2.3 Contribution of the Present Work}{chapter.2}% 20
\BOOKMARK [0][]{chapter.3}{3 Literature Review}{}% 21
\BOOKMARK [1][]{section.3.1}{3.1 Turbines}{chapter.3}% 22
\BOOKMARK [2][]{subsection.3.1.1}{3.1.1 Loss Models}{section.3.1}% 23
\BOOKMARK [1][]{section.3.2}{3.2 Optimization}{chapter.3}% 24
\BOOKMARK [2][]{subsection.3.2.1}{3.2.1 Design Variables}{section.3.2}% 25
\BOOKMARK [2][]{subsection.3.2.2}{3.2.2 Objective Function}{section.3.2}% 26
\BOOKMARK [2][]{subsection.3.2.3}{3.2.3 Constraints}{section.3.2}% 27
\BOOKMARK [2][]{subsection.3.2.4}{3.2.4 Design Variables Bounds}{section.3.2}% 28
\BOOKMARK [2][]{subsection.3.2.5}{3.2.5 Modeling}{section.3.2}% 29
\BOOKMARK [1][]{section.3.3}{3.3 Problem Declaration}{chapter.3}% 30
\BOOKMARK [1][]{section.3.4}{3.4 Genetic Algorithms}{chapter.3}% 31
\BOOKMARK [2][]{subsection.3.4.1}{3.4.1 NSGA-II}{section.3.4}% 32
\BOOKMARK [0][]{chapter.4}{4 Methodology}{}% 33
\BOOKMARK [0][]{chapter.5}{5 Discussion}{}% 34
\BOOKMARK [0][]{chapter.6}{6 Conclusion}{}% 35
\BOOKMARK [0][]{chapter.7}{Bibliography}{}% 36
\BOOKMARK [0][]{appendix.A}{A First appendix}{}% 37
\BOOKMARK [1][]{section.A.1}{A.1 First section of Appendix}{appendix.A}% 38
\BOOKMARK [0][]{annex.a}{A First annex}{}% 39
\BOOKMARK [1][]{section.a.1}{A.1 First section of Annex}{annex.a}% 40
